<?xml version="1.0" encoding="UTF-8"?>
<!-- Generated by org.testng.reporters.JUnitReportReporter -->
<testsuite hostname="Mac.lan" failures="0" tests="1" name="testcases.mytheresa.NewUserJourney" time="12.315" errors="0" timestamp="03 Jan 2025 08:48:31 GMT" skipped="0">
  <testcase classname="testcases.mytheresa.NewUserJourney" name="accountCreate" time="12.315"/>
</testsuite> <!-- testcases.mytheresa.NewUserJourney -->
